z:\material_folha5_2017\viewer_v2\viewer\debug\afunc1.obj
z:\material_folha5_2017\viewer_v2\viewer\debug\afunc2.obj
z:\material_folha5_2017\viewer_v2\viewer\debug\afunc3.obj
z:\material_folha5_2017\viewer_v2\viewer\debug\afunc4.obj
z:\material_folha5_2017\viewer_v2\viewer\debug\afunc5.obj
z:\material_folha5_2017\viewer_v2\viewer\debug\vc140.pdb
z:\material_folha5_2017\viewer_v2\viewer\debug\vc140.idb
z:\material_folha5_2017\viewer_v2\viewer\debug\cfunc1.obj
z:\material_folha5_2017\viewer_v2\viewer\debug\cfunc3.obj
z:\material_folha5_2017\viewer_v2\viewer\debug\cfunc2.obj
z:\material_folha5_2017\viewer_v2\viewer\debug\viewer.obj
z:\material_folha5_2017\viewer_v2\viewer\debug\wrapper.obj
z:\material_folha5_2017\viewer_v2\viewer\debug\viewer.res
z:\material_folha5_2017\viewer_v2\viewer\debug\viewer.ilk
z:\material_folha5_2017\viewer_v2\viewer\debug\viewer.exe
z:\material_folha5_2017\viewer_v2\viewer\debug\viewer.pdb
z:\material_folha5_2017\viewer_v2\viewer\debug\viewer.tlog\viewer.write.1u.tlog
z:\material_folha5_2017\viewer_v2\viewer\debug\viewer.tlog\cl.read.1.tlog
z:\material_folha5_2017\viewer_v2\viewer\debug\viewer.tlog\cl.write.1.tlog
z:\material_folha5_2017\viewer_v2\viewer\debug\viewer.tlog\cl.command.1.tlog
z:\material_folha5_2017\viewer_v2\viewer\debug\viewer.tlog\rc.read.1.tlog
z:\material_folha5_2017\viewer_v2\viewer\debug\viewer.tlog\rc.write.1.tlog
z:\material_folha5_2017\viewer_v2\viewer\debug\viewer.tlog\rc.command.1.tlog
z:\material_folha5_2017\viewer_v2\viewer\debug\viewer.tlog\link.command.1.tlog
z:\material_folha5_2017\viewer_v2\viewer\debug\viewer.tlog\link.read.1.tlog
z:\material_folha5_2017\viewer_v2\viewer\debug\viewer.tlog\link.write.1.tlog
